0 info it worked if it ends with ok
1 verbose cli [ '/Users/wkamovitch/.nvm/versions/node/v0.12.4/bin/node',
1 verbose cli   '/Users/wkamovitch/.nvm/versions/node/v0.12.4/bin/npm',
1 verbose cli   'install',
1 verbose cli   'os',
1 verbose cli   '--save' ]
2 info using npm@2.10.1
3 info using node@v0.12.4
4 verbose install initial load of /Users/wkamovitch/Desktop/documents/package.json
5 verbose installManyTop reading scoped package data from /Users/wkamovitch/Desktop/documents/node_modules/mkdirp/package.json
6 verbose installManyTop reading scoped package data from /Users/wkamovitch/Desktop/documents/node_modules/node-markdown/package.json
7 info package.json node-markdown@0.1.1 No license field.
8 verbose readDependencies loading dependencies from /Users/wkamovitch/Desktop/documents/package.json
9 silly cache add args [ 'os', null ]
10 verbose cache add spec os
11 silly cache add parsed spec { raw: 'os',
11 silly cache add   scope: null,
11 silly cache add   name: 'os',
11 silly cache add   rawSpec: '',
11 silly cache add   spec: '*',
11 silly cache add   type: 'range' }
12 silly addNamed os@*
13 verbose addNamed "*" is a valid semver range for os
14 silly addNameRange { name: 'os', range: '*', hasData: false }
15 silly mapToRegistry name os
16 silly mapToRegistry using default registry
17 silly mapToRegistry registry https://registry.npmjs.org/
18 silly mapToRegistry uri https://registry.npmjs.org/os
19 verbose addNameRange registry:https://registry.npmjs.org/os not in flight; fetching
20 verbose request uri https://registry.npmjs.org/os
21 verbose request no auth needed
22 info attempt registry request try #1 at 4:41:02 PM
23 verbose request id 2f22503e5f626960
24 http request GET https://registry.npmjs.org/os
25 http 404 https://registry.npmjs.org/os
26 verbose headers { 'content-type': 'application/json',
26 verbose headers   'cache-control': 'max-age=0',
26 verbose headers   'content-length': '2',
26 verbose headers   'accept-ranges': 'bytes',
26 verbose headers   date: 'Fri, 25 Sep 2015 20:40:59 GMT',
26 verbose headers   via: '1.1 varnish',
26 verbose headers   age: '0',
26 verbose headers   connection: 'keep-alive',
26 verbose headers   'x-served-by': 'cache-jfk1023-JFK',
26 verbose headers   'x-cache': 'MISS',
26 verbose headers   'x-cache-hits': '0',
26 verbose headers   'x-timer': 'S1443213659.839294,VS0,VE27' }
27 silly get cb [ 404,
27 silly get   { 'content-type': 'application/json',
27 silly get     'cache-control': 'max-age=0',
27 silly get     'content-length': '2',
27 silly get     'accept-ranges': 'bytes',
27 silly get     date: 'Fri, 25 Sep 2015 20:40:59 GMT',
27 silly get     via: '1.1 varnish',
27 silly get     age: '0',
27 silly get     connection: 'keep-alive',
27 silly get     'x-served-by': 'cache-jfk1023-JFK',
27 silly get     'x-cache': 'MISS',
27 silly get     'x-cache-hits': '0',
27 silly get     'x-timer': 'S1443213659.839294,VS0,VE27' } ]
28 verbose stack Error: Registry returned 404 for GET on https://registry.npmjs.org/os
28 verbose stack     at CachingRegistryClient.<anonymous> (/Users/wkamovitch/.nvm/versions/node/v0.12.4/lib/node_modules/npm/node_modules/npm-registry-client/lib/request.js:239:14)
28 verbose stack     at Request._callback (/Users/wkamovitch/.nvm/versions/node/v0.12.4/lib/node_modules/npm/node_modules/npm-registry-client/lib/request.js:170:14)
28 verbose stack     at Request.self.callback (/Users/wkamovitch/.nvm/versions/node/v0.12.4/lib/node_modules/npm/node_modules/request/request.js:368:22)
28 verbose stack     at Request.emit (events.js:110:17)
28 verbose stack     at Request.<anonymous> (/Users/wkamovitch/.nvm/versions/node/v0.12.4/lib/node_modules/npm/node_modules/request/request.js:1219:14)
28 verbose stack     at Request.emit (events.js:129:20)
28 verbose stack     at IncomingMessage.<anonymous> (/Users/wkamovitch/.nvm/versions/node/v0.12.4/lib/node_modules/npm/node_modules/request/request.js:1167:12)
28 verbose stack     at IncomingMessage.emit (events.js:129:20)
28 verbose stack     at _stream_readable.js:908:16
28 verbose stack     at process._tickCallback (node.js:355:11)
29 verbose statusCode 404
30 verbose pkgid os
31 verbose cwd /Users/wkamovitch/Desktop/documents
32 error Darwin 14.4.0
33 error argv "/Users/wkamovitch/.nvm/versions/node/v0.12.4/bin/node" "/Users/wkamovitch/.nvm/versions/node/v0.12.4/bin/npm" "install" "os" "--save"
34 error node v0.12.4
35 error npm  v2.10.1
36 error code E404
37 error 404 Registry returned 404 for GET on https://registry.npmjs.org/os
37 error 404
37 error 404 'os' is not in the npm registry.
37 error 404 You should bug the author to publish it (or use the name yourself!)
37 error 404
37 error 404 Note that you can also install from a
37 error 404 tarball, folder, http url, or git url.
38 verbose exit [ 1, true ]
